

================================================================
== Vitis HLS Report for 'Write_Loop_proc'
================================================================
* Date:           Fri Nov 28 18:38:43 2025

* Version:        2022.2 (Build 3670227 on Oct 13 2022)
* Project:        Lab1
* Solution:       solution1 (Vivado IP Flow Target)
* Product family: virtexuplus
* Target device:  xcu200-fsgd2104-2-e


================================================================
== Performance Estimates
================================================================
+ Timing: 
    * Summary: 
    +--------+----------+----------+------------+
    |  Clock |  Target  | Estimated| Uncertainty|
    +--------+----------+----------+------------+
    |ap_clk  |  10.00 ns|  7.300 ns|     2.70 ns|
    +--------+----------+----------+------------+

+ Latency: 
    * Summary: 
    +---------+---------+----------+----------+-----+-----+---------+
    |  Latency (cycles) |  Latency (absolute) |  Interval | Pipeline|
    |   min   |   max   |    min   |    max   | min | max |   Type  |
    +---------+---------+----------+----------+-----+-----+---------+
    |      267|      267|  2.670 us|  2.670 us|  267|  267|       no|
    +---------+---------+----------+----------+-----+-----+---------+

    + Detail: 
        * Instance: 
        +-----------------------------------------------+-------------------------------------+---------+---------+----------+----------+-----+-----+---------+
        |                                               |                                     |  Latency (cycles) |  Latency (absolute) |  Interval | Pipeline|
        |                    Instance                   |                Module               |   min   |   max   |    min   |    max   | min | max |   Type  |
        +-----------------------------------------------+-------------------------------------+---------+---------+----------+----------+-----+-----+---------+
        |grp_Write_Loop_proc_Pipeline_Write_Loop_fu_82  |Write_Loop_proc_Pipeline_Write_Loop  |      259|      259|  2.590 us|  2.590 us|  259|  259|       no|
        +-----------------------------------------------+-------------------------------------+---------+---------+----------+----------+-----+-----+---------+

        * Loop: 
        N/A



================================================================
== Utilization Estimates
================================================================
* Summary: 
+---------------------+---------+------+---------+---------+-----+
|         Name        | BRAM_18K|  DSP |    FF   |   LUT   | URAM|
+---------------------+---------+------+---------+---------+-----+
|DSP                  |        -|     -|        -|        -|    -|
|Expression           |        -|     -|        0|       73|    -|
|FIFO                 |        -|     -|        -|        -|    -|
|Instance             |        -|     -|       25|      119|    -|
|Memory               |        -|     -|        -|        -|    -|
|Multiplexer          |        -|     -|        -|      236|    -|
|Register             |        -|     -|       75|        -|    -|
+---------------------+---------+------+---------+---------+-----+
|Total                |        0|     0|      100|      428|    0|
+---------------------+---------+------+---------+---------+-----+
|Available SLR        |     1440|  2280|   788160|   394080|  320|
+---------------------+---------+------+---------+---------+-----+
|Utilization SLR (%)  |        0|     0|       ~0|       ~0|    0|
+---------------------+---------+------+---------+---------+-----+
|Available            |     4320|  6840|  2364480|  1182240|  960|
+---------------------+---------+------+---------+---------+-----+
|Utilization (%)      |        0|     0|       ~0|       ~0|    0|
+---------------------+---------+------+---------+---------+-----+

+ Detail: 
    * Instance: 
    +-----------------------------------------------+-------------------------------------+---------+----+----+-----+-----+
    |                    Instance                   |                Module               | BRAM_18K| DSP| FF | LUT | URAM|
    +-----------------------------------------------+-------------------------------------+---------+----+----+-----+-----+
    |grp_Write_Loop_proc_Pipeline_Write_Loop_fu_82  |Write_Loop_proc_Pipeline_Write_Loop  |        0|   0|  25|  119|    0|
    +-----------------------------------------------+-------------------------------------+---------+----+----+-----+-----+
    |Total                                          |                                     |        0|   0|  25|  119|    0|
    +-----------------------------------------------+-------------------------------------+---------+----+----+-----+-----+

    * DSP: 
    N/A

    * Memory: 
    N/A

    * FIFO: 
    N/A

    * Expression: 
    +--------------------+----------+----+---+----+------------+------------+
    |    Variable Name   | Operation| DSP| FF| LUT| Bitwidth P0| Bitwidth P1|
    +--------------------+----------+----+---+----+------------+------------+
    |add_ln41_fu_117_p2  |         +|   0|  0|  71|          64|          64|
    |ap_block_state1     |        or|   0|  0|   2|           1|           1|
    +--------------------+----------+----+---+----+------------+------------+
    |Total               |          |   0|  0|  73|          65|          65|
    +--------------------+----------+----+---+----+------------+------------+

    * Multiplexer: 
    +----------------------+----+-----------+-----+-----------+
    |         Name         | LUT| Input Size| Bits| Total Bits|
    +----------------------+----+-----------+-----+-----------+
    |C_blk_n               |   9|          2|    1|          2|
    |ap_NS_fsm             |  54|         10|    1|         10|
    |ap_done               |   9|          2|    1|          2|
    |gmem2_blk_n_AW        |   9|          2|    1|          2|
    |gmem2_blk_n_B         |   9|          2|    1|          2|
    |m_axi_gmem2_AWADDR    |  14|          3|   64|        192|
    |m_axi_gmem2_AWBURST   |   9|          2|    2|          4|
    |m_axi_gmem2_AWCACHE   |   9|          2|    4|          8|
    |m_axi_gmem2_AWID      |   9|          2|    1|          2|
    |m_axi_gmem2_AWLEN     |  14|          3|   32|         96|
    |m_axi_gmem2_AWLOCK    |   9|          2|    2|          4|
    |m_axi_gmem2_AWPROT    |   9|          2|    3|          6|
    |m_axi_gmem2_AWQOS     |   9|          2|    4|          8|
    |m_axi_gmem2_AWREGION  |   9|          2|    4|          8|
    |m_axi_gmem2_AWSIZE    |   9|          2|    3|          6|
    |m_axi_gmem2_AWUSER    |   9|          2|    1|          2|
    |m_axi_gmem2_AWVALID   |  14|          3|    1|          3|
    |m_axi_gmem2_BREADY    |  14|          3|    1|          3|
    |m_axi_gmem2_WVALID    |   9|          2|    1|          2|
    +----------------------+----+-----------+-----+-----------+
    |Total                 | 236|         50|  128|        362|
    +----------------------+----+-----------+-----+-----------+

    * Register: 
    +------------------------------------------------------------+----+----+-----+-----------+
    |                            Name                            | FF | LUT| Bits| Const Bits|
    +------------------------------------------------------------+----+----+-----+-----------+
    |add_ln41_reg_129                                            |  64|   0|   64|          0|
    |ap_CS_fsm                                                   |   9|   0|    9|          0|
    |ap_done_reg                                                 |   1|   0|    1|          0|
    |grp_Write_Loop_proc_Pipeline_Write_Loop_fu_82_ap_start_reg  |   1|   0|    1|          0|
    +------------------------------------------------------------+----+----+-----+-----------+
    |Total                                                       |  75|   0|   75|          0|
    +------------------------------------------------------------+----+----+-----+-----------+



================================================================
== Interface
================================================================
* Summary: 
+--------------------------------------+-----+-----+------------+-----------------------------+--------------+
|               RTL Ports              | Dir | Bits|  Protocol  |        Source Object        |    C Type    |
+--------------------------------------+-----+-----+------------+-----------------------------+--------------+
|ap_clk                                |   in|    1|  ap_ctrl_hs|              Write_Loop_proc|  return value|
|ap_rst                                |   in|    1|  ap_ctrl_hs|              Write_Loop_proc|  return value|
|ap_start                              |   in|    1|  ap_ctrl_hs|              Write_Loop_proc|  return value|
|ap_done                               |  out|    1|  ap_ctrl_hs|              Write_Loop_proc|  return value|
|ap_continue                           |   in|    1|  ap_ctrl_hs|              Write_Loop_proc|  return value|
|ap_idle                               |  out|    1|  ap_ctrl_hs|              Write_Loop_proc|  return value|
|ap_ready                              |  out|    1|  ap_ctrl_hs|              Write_Loop_proc|  return value|
|m_axi_gmem2_AWVALID                   |  out|    1|       m_axi|                        gmem2|       pointer|
|m_axi_gmem2_AWREADY                   |   in|    1|       m_axi|                        gmem2|       pointer|
|m_axi_gmem2_AWADDR                    |  out|   64|       m_axi|                        gmem2|       pointer|
|m_axi_gmem2_AWID                      |  out|    1|       m_axi|                        gmem2|       pointer|
|m_axi_gmem2_AWLEN                     |  out|   32|       m_axi|                        gmem2|       pointer|
|m_axi_gmem2_AWSIZE                    |  out|    3|       m_axi|                        gmem2|       pointer|
|m_axi_gmem2_AWBURST                   |  out|    2|       m_axi|                        gmem2|       pointer|
|m_axi_gmem2_AWLOCK                    |  out|    2|       m_axi|                        gmem2|       pointer|
|m_axi_gmem2_AWCACHE                   |  out|    4|       m_axi|                        gmem2|       pointer|
|m_axi_gmem2_AWPROT                    |  out|    3|       m_axi|                        gmem2|       pointer|
|m_axi_gmem2_AWQOS                     |  out|    4|       m_axi|                        gmem2|       pointer|
|m_axi_gmem2_AWREGION                  |  out|    4|       m_axi|                        gmem2|       pointer|
|m_axi_gmem2_AWUSER                    |  out|    1|       m_axi|                        gmem2|       pointer|
|m_axi_gmem2_WVALID                    |  out|    1|       m_axi|                        gmem2|       pointer|
|m_axi_gmem2_WREADY                    |   in|    1|       m_axi|                        gmem2|       pointer|
|m_axi_gmem2_WDATA                     |  out|    8|       m_axi|                        gmem2|       pointer|
|m_axi_gmem2_WSTRB                     |  out|    1|       m_axi|                        gmem2|       pointer|
|m_axi_gmem2_WLAST                     |  out|    1|       m_axi|                        gmem2|       pointer|
|m_axi_gmem2_WID                       |  out|    1|       m_axi|                        gmem2|       pointer|
|m_axi_gmem2_WUSER                     |  out|    1|       m_axi|                        gmem2|       pointer|
|m_axi_gmem2_ARVALID                   |  out|    1|       m_axi|                        gmem2|       pointer|
|m_axi_gmem2_ARREADY                   |   in|    1|       m_axi|                        gmem2|       pointer|
|m_axi_gmem2_ARADDR                    |  out|   64|       m_axi|                        gmem2|       pointer|
|m_axi_gmem2_ARID                      |  out|    1|       m_axi|                        gmem2|       pointer|
|m_axi_gmem2_ARLEN                     |  out|   32|       m_axi|                        gmem2|       pointer|
|m_axi_gmem2_ARSIZE                    |  out|    3|       m_axi|                        gmem2|       pointer|
|m_axi_gmem2_ARBURST                   |  out|    2|       m_axi|                        gmem2|       pointer|
|m_axi_gmem2_ARLOCK                    |  out|    2|       m_axi|                        gmem2|       pointer|
|m_axi_gmem2_ARCACHE                   |  out|    4|       m_axi|                        gmem2|       pointer|
|m_axi_gmem2_ARPROT                    |  out|    3|       m_axi|                        gmem2|       pointer|
|m_axi_gmem2_ARQOS                     |  out|    4|       m_axi|                        gmem2|       pointer|
|m_axi_gmem2_ARREGION                  |  out|    4|       m_axi|                        gmem2|       pointer|
|m_axi_gmem2_ARUSER                    |  out|    1|       m_axi|                        gmem2|       pointer|
|m_axi_gmem2_RVALID                    |   in|    1|       m_axi|                        gmem2|       pointer|
|m_axi_gmem2_RREADY                    |  out|    1|       m_axi|                        gmem2|       pointer|
|m_axi_gmem2_RDATA                     |   in|    8|       m_axi|                        gmem2|       pointer|
|m_axi_gmem2_RLAST                     |   in|    1|       m_axi|                        gmem2|       pointer|
|m_axi_gmem2_RID                       |   in|    1|       m_axi|                        gmem2|       pointer|
|m_axi_gmem2_RFIFONUM                  |   in|   11|       m_axi|                        gmem2|       pointer|
|m_axi_gmem2_RUSER                     |   in|    1|       m_axi|                        gmem2|       pointer|
|m_axi_gmem2_RRESP                     |   in|    2|       m_axi|                        gmem2|       pointer|
|m_axi_gmem2_BVALID                    |   in|    1|       m_axi|                        gmem2|       pointer|
|m_axi_gmem2_BREADY                    |  out|    1|       m_axi|                        gmem2|       pointer|
|m_axi_gmem2_BRESP                     |   in|    2|       m_axi|                        gmem2|       pointer|
|m_axi_gmem2_BID                       |   in|    1|       m_axi|                        gmem2|       pointer|
|m_axi_gmem2_BUSER                     |   in|    1|       m_axi|                        gmem2|       pointer|
|p_read                                |   in|    8|     ap_none|                       p_read|        scalar|
|C_dout                                |   in|   64|     ap_fifo|                            C|       pointer|
|C_num_data_valid                      |   in|    3|     ap_fifo|                            C|       pointer|
|C_fifo_cap                            |   in|    3|     ap_fifo|                            C|       pointer|
|C_empty_n                             |   in|    1|     ap_fifo|                            C|       pointer|
|C_read                                |  out|    1|     ap_fifo|                            C|       pointer|
|image_diff_posterize_rowC_0_address0  |  out|    5|   ap_memory|  image_diff_posterize_rowC_0|         array|
|image_diff_posterize_rowC_0_ce0       |  out|    1|   ap_memory|  image_diff_posterize_rowC_0|         array|
|image_diff_posterize_rowC_0_q0        |   in|    8|   ap_memory|  image_diff_posterize_rowC_0|         array|
|image_diff_posterize_rowC_1_address0  |  out|    5|   ap_memory|  image_diff_posterize_rowC_1|         array|
|image_diff_posterize_rowC_1_ce0       |  out|    1|   ap_memory|  image_diff_posterize_rowC_1|         array|
|image_diff_posterize_rowC_1_q0        |   in|    8|   ap_memory|  image_diff_posterize_rowC_1|         array|
|image_diff_posterize_rowC_2_address0  |  out|    5|   ap_memory|  image_diff_posterize_rowC_2|         array|
|image_diff_posterize_rowC_2_ce0       |  out|    1|   ap_memory|  image_diff_posterize_rowC_2|         array|
|image_diff_posterize_rowC_2_q0        |   in|    8|   ap_memory|  image_diff_posterize_rowC_2|         array|
|image_diff_posterize_rowC_3_address0  |  out|    5|   ap_memory|  image_diff_posterize_rowC_3|         array|
|image_diff_posterize_rowC_3_ce0       |  out|    1|   ap_memory|  image_diff_posterize_rowC_3|         array|
|image_diff_posterize_rowC_3_q0        |   in|    8|   ap_memory|  image_diff_posterize_rowC_3|         array|
|image_diff_posterize_rowC_4_address0  |  out|    5|   ap_memory|  image_diff_posterize_rowC_4|         array|
|image_diff_posterize_rowC_4_ce0       |  out|    1|   ap_memory|  image_diff_posterize_rowC_4|         array|
|image_diff_posterize_rowC_4_q0        |   in|    8|   ap_memory|  image_diff_posterize_rowC_4|         array|
|image_diff_posterize_rowC_5_address0  |  out|    5|   ap_memory|  image_diff_posterize_rowC_5|         array|
|image_diff_posterize_rowC_5_ce0       |  out|    1|   ap_memory|  image_diff_posterize_rowC_5|         array|
|image_diff_posterize_rowC_5_q0        |   in|    8|   ap_memory|  image_diff_posterize_rowC_5|         array|
|image_diff_posterize_rowC_6_address0  |  out|    5|   ap_memory|  image_diff_posterize_rowC_6|         array|
|image_diff_posterize_rowC_6_ce0       |  out|    1|   ap_memory|  image_diff_posterize_rowC_6|         array|
|image_diff_posterize_rowC_6_q0        |   in|    8|   ap_memory|  image_diff_posterize_rowC_6|         array|
|image_diff_posterize_rowC_7_address0  |  out|    5|   ap_memory|  image_diff_posterize_rowC_7|         array|
|image_diff_posterize_rowC_7_ce0       |  out|    1|   ap_memory|  image_diff_posterize_rowC_7|         array|
|image_diff_posterize_rowC_7_q0        |   in|    8|   ap_memory|  image_diff_posterize_rowC_7|         array|
+--------------------------------------+-----+-----+------------+-----------------------------+--------------+

============================================================
+ Verbose Summary: Synthesis Manager
============================================================
InlineROM: 1
ExposeGlobal: 0
============================================================
+ Verbose Summary: CDFG Model
============================================================
IsTopModel: 0
ResetActiveHigh: 1
IsCombinational: 2
IsDatapathOnly: 0
HasWiredReturn: 1
HasMFsm: 0
HasVarLatency: 1
IsPipeline: 0
IsRtlPipelined: 0
IsInstanceOverlapped: 0
IsDontTouch: 0
HasImplIP: 0
IsGatedGlobalClock: 0


============================================================
+ Verbose Summary: Schedule
============================================================
* Number of FSM states : 9
* Pipeline : 0
* Dataflow Pipeline: 0

* FSM state transitions: 
1 --> 2 
2 --> 3 
3 --> 4 
4 --> 5 
5 --> 6 
6 --> 7 
7 --> 8 
8 --> 9 
9 --> 

* FSM state operations: 

State 1 <SV = 0> <Delay = 2.57>
ST_1 : Operation 10 [1/1] (1.42ns)   --->   "%p_read_1 = read i8 @_ssdm_op_Read.ap_auto.i8, i8 %p_read"   --->   Operation 10 'read' 'p_read_1' <Predicate = true> <Delay = 1.42> <CoreInst = "FIFO_SRL">   --->   Core 81 'FIFO_SRL' <Latency = 0> <II = 1> <Delay = 1.42> <Storage> <Opcode : 'read' 'write' 'nbread' 'nbwrite'> <Ports = 0> <Width = -1> <Depth = -1> <FIFO>
ST_1 : Operation 11 [1/1] (1.41ns)   --->   "%C_read = read i64 @_ssdm_op_Read.ap_fifo.i64P0A, i64 %C"   --->   Operation 11 'read' 'C_read' <Predicate = true> <Delay = 1.41> <CoreInst = "FIFO_SRL">   --->   Core 81 'FIFO_SRL' <Latency = 0> <II = 1> <Delay = 1.41> <Storage> <Opcode : 'read' 'write' 'nbread' 'nbwrite'> <Ports = 0> <Width = 64> <Depth = 4> <FIFO>
ST_1 : Operation 12 [1/1] (0.00ns)   --->   "%shl_ln = bitconcatenate i16 @_ssdm_op_BitConcatenate.i16.i8.i8, i8 %p_read_1, i8 0" [image_diff_posterize.c:41]   --->   Operation 12 'bitconcatenate' 'shl_ln' <Predicate = true> <Delay = 0.00>
ST_1 : Operation 13 [1/1] (0.00ns)   --->   "%zext_ln41 = zext i16 %shl_ln" [image_diff_posterize.c:41]   --->   Operation 13 'zext' 'zext_ln41' <Predicate = true> <Delay = 0.00>
ST_1 : Operation 14 [1/1] (1.14ns)   --->   "%add_ln41 = add i64 %C_read, i64 %zext_ln41" [image_diff_posterize.c:41]   --->   Operation 14 'add' 'add_ln41' <Predicate = true> <Delay = 1.14> <CoreInst = "Adder">   --->   Core 1 'Adder' <Latency = 0> <II = 1> <Delay = 1.14> <FuncUnit> <Opcode : 'add' 'sub'> <InPorts = 2> <OutPorts = 1>

State 2 <SV = 1> <Delay = 7.30>
ST_2 : Operation 15 [1/1] (0.00ns)   --->   "%gmem2_addr = getelementptr i8 %gmem2, i64 %add_ln41" [image_diff_posterize.c:92]   --->   Operation 15 'getelementptr' 'gmem2_addr' <Predicate = true> <Delay = 0.00>
ST_2 : Operation 16 [1/1] (7.30ns)   --->   "%empty = writereq i1 @_ssdm_op_WriteReq.m_axi.p1i8, i64 %gmem2_addr, i32 256" [image_diff_posterize.c:92]   --->   Operation 16 'writereq' 'empty' <Predicate = true> <Delay = 7.30> <CoreInst = "m_axi">   --->   Core 121 'm_axi' <Latency = 0> <II = 1> <Delay = 1.00> <Adapter> <Opcode : 'read' 'write' 'readreq' 'writereq' 'writeresp'>

State 3 <SV = 2> <Delay = 0.00>
ST_3 : Operation 17 [2/2] (0.00ns)   --->   "%call_ln41 = call void @Write_Loop_proc_Pipeline_Write_Loop, i8 %gmem2, i64 %add_ln41, i8 %image_diff_posterize_rowC_0, i8 %image_diff_posterize_rowC_1, i8 %image_diff_posterize_rowC_2, i8 %image_diff_posterize_rowC_3, i8 %image_diff_posterize_rowC_4, i8 %image_diff_posterize_rowC_5, i8 %image_diff_posterize_rowC_6, i8 %image_diff_posterize_rowC_7" [image_diff_posterize.c:41]   --->   Operation 17 'call' 'call_ln41' <Predicate = true> <Delay = 0.00> <CoreType = "Generic">   --->   Core 0 '' <Latency = 0> <II = 1> <Delay = 1.00> <Generic> <Opcode : >

State 4 <SV = 3> <Delay = 0.00>
ST_4 : Operation 18 [1/2] (0.00ns)   --->   "%call_ln41 = call void @Write_Loop_proc_Pipeline_Write_Loop, i8 %gmem2, i64 %add_ln41, i8 %image_diff_posterize_rowC_0, i8 %image_diff_posterize_rowC_1, i8 %image_diff_posterize_rowC_2, i8 %image_diff_posterize_rowC_3, i8 %image_diff_posterize_rowC_4, i8 %image_diff_posterize_rowC_5, i8 %image_diff_posterize_rowC_6, i8 %image_diff_posterize_rowC_7" [image_diff_posterize.c:41]   --->   Operation 18 'call' 'call_ln41' <Predicate = true> <Delay = 0.00> <CoreType = "Generic">   --->   Core 0 '' <Latency = 0> <II = 1> <Delay = 1.00> <Generic> <Opcode : >

State 5 <SV = 4> <Delay = 7.30>
ST_5 : Operation 19 [5/5] (7.30ns)   --->   "%empty_34 = writeresp i1 @_ssdm_op_WriteResp.m_axi.p1i8, i64 %gmem2_addr" [image_diff_posterize.c:41]   --->   Operation 19 'writeresp' 'empty_34' <Predicate = true> <Delay = 7.30> <CoreInst = "m_axi">   --->   Core 121 'm_axi' <Latency = 0> <II = 1> <Delay = 1.00> <Adapter> <Opcode : 'read' 'write' 'readreq' 'writereq' 'writeresp'>

State 6 <SV = 5> <Delay = 7.30>
ST_6 : Operation 20 [4/5] (7.30ns)   --->   "%empty_34 = writeresp i1 @_ssdm_op_WriteResp.m_axi.p1i8, i64 %gmem2_addr" [image_diff_posterize.c:41]   --->   Operation 20 'writeresp' 'empty_34' <Predicate = true> <Delay = 7.30> <CoreInst = "m_axi">   --->   Core 121 'm_axi' <Latency = 0> <II = 1> <Delay = 1.00> <Adapter> <Opcode : 'read' 'write' 'readreq' 'writereq' 'writeresp'>

State 7 <SV = 6> <Delay = 7.30>
ST_7 : Operation 21 [3/5] (7.30ns)   --->   "%empty_34 = writeresp i1 @_ssdm_op_WriteResp.m_axi.p1i8, i64 %gmem2_addr" [image_diff_posterize.c:41]   --->   Operation 21 'writeresp' 'empty_34' <Predicate = true> <Delay = 7.30> <CoreInst = "m_axi">   --->   Core 121 'm_axi' <Latency = 0> <II = 1> <Delay = 1.00> <Adapter> <Opcode : 'read' 'write' 'readreq' 'writereq' 'writeresp'>

State 8 <SV = 7> <Delay = 7.30>
ST_8 : Operation 22 [2/5] (7.30ns)   --->   "%empty_34 = writeresp i1 @_ssdm_op_WriteResp.m_axi.p1i8, i64 %gmem2_addr" [image_diff_posterize.c:41]   --->   Operation 22 'writeresp' 'empty_34' <Predicate = true> <Delay = 7.30> <CoreInst = "m_axi">   --->   Core 121 'm_axi' <Latency = 0> <II = 1> <Delay = 1.00> <Adapter> <Opcode : 'read' 'write' 'readreq' 'writereq' 'writeresp'>

State 9 <SV = 8> <Delay = 7.30>
ST_9 : Operation 23 [1/1] (0.00ns)   --->   "%specinterface_ln0 = specinterface void @_ssdm_op_SpecInterface, i64 %C, void @ap_fifo_str, i32 0, i32 0, void @p_str, i32 0, i32 0, void @p_str, void @p_str, void @p_str, i32 2, i32 2, i32 16, i32 16, void @p_str, void @ScalarProp_str, i32 4294967295, i32 0"   --->   Operation 23 'specinterface' 'specinterface_ln0' <Predicate = true> <Delay = 0.00>
ST_9 : Operation 24 [1/1] (0.00ns)   --->   "%specinterface_ln0 = specinterface void @_ssdm_op_SpecInterface, i8 %gmem2, void @empty, i32 0, i32 0, void @empty_0, i32 0, i32 0, void @empty_4, void @empty_1, void @empty_0, i32 16, i32 16, i32 16, i32 16, void @empty_0, void @empty_0, i32 4294967295, i32 0"   --->   Operation 24 'specinterface' 'specinterface_ln0' <Predicate = true> <Delay = 0.00>
ST_9 : Operation 25 [1/5] (7.30ns)   --->   "%empty_34 = writeresp i1 @_ssdm_op_WriteResp.m_axi.p1i8, i64 %gmem2_addr" [image_diff_posterize.c:41]   --->   Operation 25 'writeresp' 'empty_34' <Predicate = true> <Delay = 7.30> <CoreInst = "m_axi">   --->   Core 121 'm_axi' <Latency = 0> <II = 1> <Delay = 1.00> <Adapter> <Opcode : 'read' 'write' 'readreq' 'writereq' 'writeresp'>
ST_9 : Operation 26 [1/1] (0.00ns)   --->   "%ret_ln0 = ret"   --->   Operation 26 'ret' 'ret_ln0' <Predicate = true> <Delay = 0.00>


============================================================
+ Verbose Summary: Binding
============================================================
STG Binding: 
---------------- STG Properties BEGIN ----------------
- Is combinational: 0
- Is one-state seq: 0
- Is datapath-only: 0
- Is pipelined: 0
- Is top level: 0
Port [ Return ] is wired: 1; IO mode=ap_ctrl_hs:ce=0
Port [ gmem2]:  wired=1; compound=1; hidden=0; nouse=0; global=0; static=0; extern=0; dir=1; type=4; pingpong=0; private_global=0; IO mode=m_axi:ce=0
Port [ p_read]:  wired=1; compound=0; hidden=0; nouse=0; global=0; static=0; extern=0; dir=0; type=0; pingpong=0; private_global=0; IO mode=ap_none:ce=0
Port [ C]:  wired=1; compound=1; hidden=0; nouse=0; global=0; static=0; extern=0; dir=0; type=3; pingpong=0; private_global=0; IO mode=ap_fifo:ce=0
Port [ image_diff_posterize_rowC_0]:  wired=1; compound=1; hidden=0; nouse=0; global=1; static=1; extern=0; dir=0; type=1; pingpong=1; private_global=0; MemPort=[13]; IO mode=ap_memory:ce=0
Port [ image_diff_posterize_rowC_1]:  wired=1; compound=1; hidden=0; nouse=0; global=1; static=1; extern=0; dir=0; type=1; pingpong=1; private_global=0; MemPort=[13]; IO mode=ap_memory:ce=0
Port [ image_diff_posterize_rowC_2]:  wired=1; compound=1; hidden=0; nouse=0; global=1; static=1; extern=0; dir=0; type=1; pingpong=1; private_global=0; MemPort=[13]; IO mode=ap_memory:ce=0
Port [ image_diff_posterize_rowC_3]:  wired=1; compound=1; hidden=0; nouse=0; global=1; static=1; extern=0; dir=0; type=1; pingpong=1; private_global=0; MemPort=[13]; IO mode=ap_memory:ce=0
Port [ image_diff_posterize_rowC_4]:  wired=1; compound=1; hidden=0; nouse=0; global=1; static=1; extern=0; dir=0; type=1; pingpong=1; private_global=0; MemPort=[13]; IO mode=ap_memory:ce=0
Port [ image_diff_posterize_rowC_5]:  wired=1; compound=1; hidden=0; nouse=0; global=1; static=1; extern=0; dir=0; type=1; pingpong=1; private_global=0; MemPort=[13]; IO mode=ap_memory:ce=0
Port [ image_diff_posterize_rowC_6]:  wired=1; compound=1; hidden=0; nouse=0; global=1; static=1; extern=0; dir=0; type=1; pingpong=1; private_global=0; MemPort=[13]; IO mode=ap_memory:ce=0
Port [ image_diff_posterize_rowC_7]:  wired=1; compound=1; hidden=0; nouse=0; global=1; static=1; extern=0; dir=0; type=1; pingpong=1; private_global=0; MemPort=[13]; IO mode=ap_memory:ce=0
---------------- STG Properties END ------------------

---------------- Datapath Model BEGIN ----------------

<LifeTime>
<method=bitvector/>
p_read_1          (read          ) [ 0000000000]
C_read            (read          ) [ 0000000000]
shl_ln            (bitconcatenate) [ 0000000000]
zext_ln41         (zext          ) [ 0000000000]
add_ln41          (add           ) [ 0011100000]
gmem2_addr        (getelementptr ) [ 0001111111]
empty             (writereq      ) [ 0000000000]
call_ln41         (call          ) [ 0000000000]
specinterface_ln0 (specinterface ) [ 0000000000]
specinterface_ln0 (specinterface ) [ 0000000000]
empty_34          (writeresp     ) [ 0000000000]
ret_ln0           (ret           ) [ 0000000000]
</LifeTime>

<model>

<comp_list>
<comp id="0" class="1000" name="gmem2">
<pin_list>
<pin id="1" dir="1" index="0" bw="1" slack="0"/>
</pin_list>
<bind>
<StgValue><ssdm name="gmem2"/></StgValue>
</bind>
</comp>

<comp id="2" class="1000" name="p_read">
<pin_list>
<pin id="3" dir="1" index="0" bw="1" slack="0"/>
</pin_list>
<bind>
<StgValue><ssdm name="p_read"/></StgValue>
</bind>
</comp>

<comp id="4" class="1000" name="C">
<pin_list>
<pin id="5" dir="1" index="0" bw="1" slack="0"/>
</pin_list>
<bind>
<StgValue><ssdm name="C"/></StgValue>
</bind>
</comp>

<comp id="6" class="1000" name="image_diff_posterize_rowC_0">
<pin_list>
<pin id="7" dir="1" index="0" bw="1" slack="0"/>
</pin_list>
<bind>
<StgValue><ssdm name="image_diff_posterize_rowC_0"/><MemPortTyVec>1 3 </MemPortTyVec>
</StgValue>
</bind>
</comp>

<comp id="8" class="1000" name="image_diff_posterize_rowC_1">
<pin_list>
<pin id="9" dir="1" index="0" bw="1" slack="0"/>
</pin_list>
<bind>
<StgValue><ssdm name="image_diff_posterize_rowC_1"/><MemPortTyVec>1 3 </MemPortTyVec>
</StgValue>
</bind>
</comp>

<comp id="10" class="1000" name="image_diff_posterize_rowC_2">
<pin_list>
<pin id="11" dir="1" index="0" bw="1" slack="0"/>
</pin_list>
<bind>
<StgValue><ssdm name="image_diff_posterize_rowC_2"/><MemPortTyVec>1 3 </MemPortTyVec>
</StgValue>
</bind>
</comp>

<comp id="12" class="1000" name="image_diff_posterize_rowC_3">
<pin_list>
<pin id="13" dir="1" index="0" bw="1" slack="0"/>
</pin_list>
<bind>
<StgValue><ssdm name="image_diff_posterize_rowC_3"/><MemPortTyVec>1 3 </MemPortTyVec>
</StgValue>
</bind>
</comp>

<comp id="14" class="1000" name="image_diff_posterize_rowC_4">
<pin_list>
<pin id="15" dir="1" index="0" bw="1" slack="0"/>
</pin_list>
<bind>
<StgValue><ssdm name="image_diff_posterize_rowC_4"/><MemPortTyVec>1 3 </MemPortTyVec>
</StgValue>
</bind>
</comp>

<comp id="16" class="1000" name="image_diff_posterize_rowC_5">
<pin_list>
<pin id="17" dir="1" index="0" bw="1" slack="0"/>
</pin_list>
<bind>
<StgValue><ssdm name="image_diff_posterize_rowC_5"/><MemPortTyVec>1 3 </MemPortTyVec>
</StgValue>
</bind>
</comp>

<comp id="18" class="1000" name="image_diff_posterize_rowC_6">
<pin_list>
<pin id="19" dir="1" index="0" bw="1" slack="0"/>
</pin_list>
<bind>
<StgValue><ssdm name="image_diff_posterize_rowC_6"/><MemPortTyVec>1 3 </MemPortTyVec>
</StgValue>
</bind>
</comp>

<comp id="20" class="1000" name="image_diff_posterize_rowC_7">
<pin_list>
<pin id="21" dir="1" index="0" bw="1" slack="0"/>
</pin_list>
<bind>
<StgValue><ssdm name="image_diff_posterize_rowC_7"/><MemPortTyVec>1 3 </MemPortTyVec>
</StgValue>
</bind>
</comp>

<comp id="22" class="1001" name="const_22">
<pin_list>
<pin id="23" dir="1" index="0" bw="1" slack="0"/>
</pin_list>
<bind>
<StgValue><ssdm name="_ssdm_op_Read.ap_auto.i8"/></StgValue>
</bind>
</comp>

<comp id="24" class="1001" name="const_24">
<pin_list>
<pin id="25" dir="1" index="0" bw="1" slack="0"/>
</pin_list>
<bind>
<StgValue><ssdm name="_ssdm_op_Read.ap_fifo.i64P0A"/></StgValue>
</bind>
</comp>

<comp id="26" class="1001" name="const_26">
<pin_list>
<pin id="27" dir="1" index="0" bw="1" slack="0"/>
</pin_list>
<bind>
<StgValue><ssdm name="_ssdm_op_BitConcatenate.i16.i8.i8"/></StgValue>
</bind>
</comp>

<comp id="28" class="1001" name="const_28">
<pin_list>
<pin id="29" dir="1" index="0" bw="1" slack="0"/>
</pin_list>
<bind>
<StgValue><ssdm name=""/></StgValue>
</bind>
</comp>

<comp id="30" class="1001" name="const_30">
<pin_list>
<pin id="31" dir="1" index="0" bw="1" slack="0"/>
</pin_list>
<bind>
<StgValue><ssdm name="_ssdm_op_WriteReq.m_axi.p1i8"/></StgValue>
</bind>
</comp>

<comp id="32" class="1001" name="const_32">
<pin_list>
<pin id="33" dir="1" index="0" bw="1" slack="0"/>
</pin_list>
<bind>
<StgValue><ssdm name=""/></StgValue>
</bind>
</comp>

<comp id="34" class="1001" name="const_34">
<pin_list>
<pin id="35" dir="1" index="0" bw="1" slack="0"/>
</pin_list>
<bind>
<StgValue><ssdm name="Write_Loop_proc_Pipeline_Write_Loop"/></StgValue>
</bind>
</comp>

<comp id="36" class="1001" name="const_36">
<pin_list>
<pin id="37" dir="1" index="0" bw="1" slack="0"/>
</pin_list>
<bind>
<StgValue><ssdm name="_ssdm_op_WriteResp.m_axi.p1i8"/></StgValue>
</bind>
</comp>

<comp id="38" class="1001" name="const_38">
<pin_list>
<pin id="39" dir="1" index="0" bw="1" slack="2147483647"/>
</pin_list>
<bind>
<StgValue><ssdm name="_ssdm_op_SpecInterface"/></StgValue>
</bind>
</comp>

<comp id="40" class="1001" name="const_40">
<pin_list>
<pin id="41" dir="1" index="0" bw="1" slack="2147483647"/>
</pin_list>
<bind>
<StgValue><ssdm name="ap_fifo_str"/></StgValue>
</bind>
</comp>

<comp id="42" class="1001" name="const_42">
<pin_list>
<pin id="43" dir="1" index="0" bw="1" slack="2147483647"/>
</pin_list>
<bind>
<StgValue><ssdm name=""/></StgValue>
</bind>
</comp>

<comp id="44" class="1001" name="const_44">
<pin_list>
<pin id="45" dir="1" index="0" bw="1" slack="2147483647"/>
</pin_list>
<bind>
<StgValue><ssdm name="p_str"/></StgValue>
</bind>
</comp>

<comp id="46" class="1001" name="const_46">
<pin_list>
<pin id="47" dir="1" index="0" bw="1" slack="2147483647"/>
</pin_list>
<bind>
<StgValue><ssdm name=""/></StgValue>
</bind>
</comp>

<comp id="48" class="1001" name="const_48">
<pin_list>
<pin id="49" dir="1" index="0" bw="1" slack="2147483647"/>
</pin_list>
<bind>
<StgValue><ssdm name=""/></StgValue>
</bind>
</comp>

<comp id="50" class="1001" name="const_50">
<pin_list>
<pin id="51" dir="1" index="0" bw="1" slack="2147483647"/>
</pin_list>
<bind>
<StgValue><ssdm name="ScalarProp_str"/></StgValue>
</bind>
</comp>

<comp id="52" class="1001" name="const_52">
<pin_list>
<pin id="53" dir="1" index="0" bw="1" slack="2147483647"/>
</pin_list>
<bind>
<StgValue><ssdm name=""/></StgValue>
</bind>
</comp>

<comp id="54" class="1001" name="const_54">
<pin_list>
<pin id="55" dir="1" index="0" bw="1" slack="2147483647"/>
</pin_list>
<bind>
<StgValue><ssdm name="empty"/></StgValue>
</bind>
</comp>

<comp id="56" class="1001" name="const_56">
<pin_list>
<pin id="57" dir="1" index="0" bw="1" slack="2147483647"/>
</pin_list>
<bind>
<StgValue><ssdm name="empty_0"/></StgValue>
</bind>
</comp>

<comp id="58" class="1001" name="const_58">
<pin_list>
<pin id="59" dir="1" index="0" bw="1" slack="2147483647"/>
</pin_list>
<bind>
<StgValue><ssdm name="empty_4"/></StgValue>
</bind>
</comp>

<comp id="60" class="1001" name="const_60">
<pin_list>
<pin id="61" dir="1" index="0" bw="1" slack="2147483647"/>
</pin_list>
<bind>
<StgValue><ssdm name="empty_1"/></StgValue>
</bind>
</comp>

<comp id="62" class="1004" name="p_read_1_read_fu_62">
<pin_list>
<pin id="63" dir="0" index="0" bw="8" slack="0"/>
<pin id="64" dir="0" index="1" bw="8" slack="0"/>
<pin id="65" dir="1" index="2" bw="8" slack="0"/>
</pin_list>
<bind>
<opcode="read(1150) " fcode="read"/>
<opset="p_read_1/1 "/>
</bind>
</comp>

<comp id="68" class="1004" name="C_read_read_fu_68">
<pin_list>
<pin id="69" dir="0" index="0" bw="64" slack="0"/>
<pin id="70" dir="0" index="1" bw="64" slack="0"/>
<pin id="71" dir="1" index="2" bw="64" slack="0"/>
</pin_list>
<bind>
<opcode="read(1150) " fcode="read"/>
<opset="C_read/1 "/>
</bind>
</comp>

<comp id="74" class="1004" name="grp_writeresp_fu_74">
<pin_list>
<pin id="75" dir="0" index="0" bw="1" slack="0"/>
<pin id="76" dir="0" index="1" bw="8" slack="0"/>
<pin id="77" dir="0" index="2" bw="10" slack="0"/>
<pin id="78" dir="1" index="3" bw="1" slack="2147483647"/>
</pin_list>
<bind>
<opcode="writereq(1155) writeresp(1158) " fcode="writeresp"/>
<opset="empty/2 empty_34/5 "/>
</bind>
</comp>

<comp id="82" class="1004" name="grp_Write_Loop_proc_Pipeline_Write_Loop_fu_82">
<pin_list>
<pin id="83" dir="0" index="0" bw="0" slack="0"/>
<pin id="84" dir="0" index="1" bw="8" slack="0"/>
<pin id="85" dir="0" index="2" bw="64" slack="2"/>
<pin id="86" dir="0" index="3" bw="8" slack="0"/>
<pin id="87" dir="0" index="4" bw="8" slack="0"/>
<pin id="88" dir="0" index="5" bw="8" slack="0"/>
<pin id="89" dir="0" index="6" bw="8" slack="0"/>
<pin id="90" dir="0" index="7" bw="8" slack="0"/>
<pin id="91" dir="0" index="8" bw="8" slack="0"/>
<pin id="92" dir="0" index="9" bw="8" slack="0"/>
<pin id="93" dir="0" index="10" bw="8" slack="0"/>
<pin id="94" dir="1" index="11" bw="0" slack="2147483647"/>
</pin_list>
<bind>
<opcode="call(48) " fcode="call"/>
<opset="call_ln41/3 "/>
</bind>
</comp>

<comp id="105" class="1004" name="shl_ln_fu_105">
<pin_list>
<pin id="106" dir="0" index="0" bw="16" slack="0"/>
<pin id="107" dir="0" index="1" bw="8" slack="0"/>
<pin id="108" dir="0" index="2" bw="1" slack="0"/>
<pin id="109" dir="1" index="3" bw="16" slack="0"/>
</pin_list>
<bind>
<opcode="bitconcatenate(1004) " fcode="bitconcatenate"/>
<opset="shl_ln/1 "/>
</bind>
</comp>

<comp id="113" class="1004" name="zext_ln41_fu_113">
<pin_list>
<pin id="114" dir="0" index="0" bw="16" slack="0"/>
<pin id="115" dir="1" index="1" bw="64" slack="0"/>
</pin_list>
<bind>
<opcode="zext(34) " fcode="zext"/>
<opset="zext_ln41/1 "/>
</bind>
</comp>

<comp id="117" class="1004" name="add_ln41_fu_117">
<pin_list>
<pin id="118" dir="0" index="0" bw="64" slack="0"/>
<pin id="119" dir="0" index="1" bw="16" slack="0"/>
<pin id="120" dir="1" index="2" bw="64" slack="1"/>
</pin_list>
<bind>
<opcode="add(8) " fcode="add"/>
<opset="add_ln41/1 "/>
</bind>
</comp>

<comp id="123" class="1004" name="gmem2_addr_fu_123">
<pin_list>
<pin id="124" dir="0" index="0" bw="64" slack="0"/>
<pin id="125" dir="0" index="1" bw="64" slack="1"/>
<pin id="126" dir="1" index="2" bw="64" slack="0"/>
</pin_list>
<bind>
<opcode="getelementptr(29) " fcode="getelementptr"/>
<opset="gmem2_addr/2 "/>
</bind>
</comp>

<comp id="129" class="1005" name="add_ln41_reg_129">
<pin_list>
<pin id="130" dir="0" index="0" bw="64" slack="1"/>
<pin id="131" dir="1" index="1" bw="64" slack="1"/>
</pin_list>
<bind>
<opset="add_ln41 "/>
</bind>
</comp>

<comp id="135" class="1005" name="gmem2_addr_reg_135">
<pin_list>
<pin id="136" dir="0" index="0" bw="8" slack="3"/>
<pin id="137" dir="1" index="1" bw="8" slack="3"/>
</pin_list>
<bind>
<opset="gmem2_addr "/>
</bind>
</comp>

</comp_list>

<net_list>
<net id="66"><net_src comp="22" pin="0"/><net_sink comp="62" pin=0"/></net>

<net id="67"><net_src comp="2" pin="0"/><net_sink comp="62" pin=1"/></net>

<net id="72"><net_src comp="24" pin="0"/><net_sink comp="68" pin=0"/></net>

<net id="73"><net_src comp="4" pin="0"/><net_sink comp="68" pin=1"/></net>

<net id="79"><net_src comp="30" pin="0"/><net_sink comp="74" pin=0"/></net>

<net id="80"><net_src comp="32" pin="0"/><net_sink comp="74" pin=2"/></net>

<net id="81"><net_src comp="36" pin="0"/><net_sink comp="74" pin=0"/></net>

<net id="95"><net_src comp="34" pin="0"/><net_sink comp="82" pin=0"/></net>

<net id="96"><net_src comp="0" pin="0"/><net_sink comp="82" pin=1"/></net>

<net id="97"><net_src comp="6" pin="0"/><net_sink comp="82" pin=3"/></net>

<net id="98"><net_src comp="8" pin="0"/><net_sink comp="82" pin=4"/></net>

<net id="99"><net_src comp="10" pin="0"/><net_sink comp="82" pin=5"/></net>

<net id="100"><net_src comp="12" pin="0"/><net_sink comp="82" pin=6"/></net>

<net id="101"><net_src comp="14" pin="0"/><net_sink comp="82" pin=7"/></net>

<net id="102"><net_src comp="16" pin="0"/><net_sink comp="82" pin=8"/></net>

<net id="103"><net_src comp="18" pin="0"/><net_sink comp="82" pin=9"/></net>

<net id="104"><net_src comp="20" pin="0"/><net_sink comp="82" pin=10"/></net>

<net id="110"><net_src comp="26" pin="0"/><net_sink comp="105" pin=0"/></net>

<net id="111"><net_src comp="62" pin="2"/><net_sink comp="105" pin=1"/></net>

<net id="112"><net_src comp="28" pin="0"/><net_sink comp="105" pin=2"/></net>

<net id="116"><net_src comp="105" pin="3"/><net_sink comp="113" pin=0"/></net>

<net id="121"><net_src comp="68" pin="2"/><net_sink comp="117" pin=0"/></net>

<net id="122"><net_src comp="113" pin="1"/><net_sink comp="117" pin=1"/></net>

<net id="127"><net_src comp="0" pin="0"/><net_sink comp="123" pin=0"/></net>

<net id="128"><net_src comp="123" pin="2"/><net_sink comp="74" pin=1"/></net>

<net id="132"><net_src comp="117" pin="2"/><net_sink comp="129" pin=0"/></net>

<net id="133"><net_src comp="129" pin="1"/><net_sink comp="123" pin=1"/></net>

<net id="134"><net_src comp="129" pin="1"/><net_sink comp="82" pin=2"/></net>

<net id="138"><net_src comp="123" pin="2"/><net_sink comp="135" pin=0"/></net>

<net id="139"><net_src comp="135" pin="1"/><net_sink comp="74" pin=1"/></net>

</net_list>

</model> 
---------------- Datapath Model END ------------------

* FSMD analyzer results:
  - Output states:
	Port: gmem2 | {2 3 4 5 6 7 8 9 }
	Port: image_diff_posterize_rowC_0 | {}
	Port: image_diff_posterize_rowC_1 | {}
	Port: image_diff_posterize_rowC_2 | {}
	Port: image_diff_posterize_rowC_3 | {}
	Port: image_diff_posterize_rowC_4 | {}
	Port: image_diff_posterize_rowC_5 | {}
	Port: image_diff_posterize_rowC_6 | {}
	Port: image_diff_posterize_rowC_7 | {}
 - Input state : 
	Port: Write_Loop_proc : gmem2 | {}
	Port: Write_Loop_proc : p_read | {1 }
	Port: Write_Loop_proc : C | {1 }
	Port: Write_Loop_proc : image_diff_posterize_rowC_0 | {3 4 }
	Port: Write_Loop_proc : image_diff_posterize_rowC_1 | {3 4 }
	Port: Write_Loop_proc : image_diff_posterize_rowC_2 | {3 4 }
	Port: Write_Loop_proc : image_diff_posterize_rowC_3 | {3 4 }
	Port: Write_Loop_proc : image_diff_posterize_rowC_4 | {3 4 }
	Port: Write_Loop_proc : image_diff_posterize_rowC_5 | {3 4 }
	Port: Write_Loop_proc : image_diff_posterize_rowC_6 | {3 4 }
	Port: Write_Loop_proc : image_diff_posterize_rowC_7 | {3 4 }
  - Chain level:
	State 1
		zext_ln41 : 1
		add_ln41 : 2
	State 2
		empty : 1
	State 3
	State 4
	State 5
	State 6
	State 7
	State 8
	State 9


============================================================
+ Verbose Summary: Datapath Resource usage 
============================================================

* Functional unit list:
|----------|-----------------------------------------------|---------|---------|---------|
| Operation|                Functional Unit                |  Delay  |    FF   |   LUT   |
|----------|-----------------------------------------------|---------|---------|---------|
|   call   | grp_Write_Loop_proc_Pipeline_Write_Loop_fu_82 |  3.096  |    69   |   142   |
|----------|-----------------------------------------------|---------|---------|---------|
|    add   |                add_ln41_fu_117                |    0    |    0    |    71   |
|----------|-----------------------------------------------|---------|---------|---------|
|   read   |              p_read_1_read_fu_62              |    0    |    0    |    0    |
|          |               C_read_read_fu_68               |    0    |    0    |    0    |
|----------|-----------------------------------------------|---------|---------|---------|
| writeresp|              grp_writeresp_fu_74              |    0    |    0    |    0    |
|----------|-----------------------------------------------|---------|---------|---------|
|bitconcatenate|                 shl_ln_fu_105                 |    0    |    0    |    0    |
|----------|-----------------------------------------------|---------|---------|---------|
|   zext   |                zext_ln41_fu_113               |    0    |    0    |    0    |
|----------|-----------------------------------------------|---------|---------|---------|
|   Total  |                                               |  3.096  |    69   |   213   |
|----------|-----------------------------------------------|---------|---------|---------|

Memories:
N/A

* Register list:
+------------------+--------+
|                  |   FF   |
+------------------+--------+
| add_ln41_reg_129 |   64   |
|gmem2_addr_reg_135|    8   |
+------------------+--------+
|       Total      |   72   |
+------------------+--------+

* Multiplexer (MUX) list: 
|---------------------|------|------|------|--------||---------||---------|
|         Comp        |  Pin | Size |  BW  | S x BW ||  Delay  ||   LUT   |
|---------------------|------|------|------|--------||---------||---------|
| grp_writeresp_fu_74 |  p0  |   2  |   1  |    2   |
| grp_writeresp_fu_74 |  p1  |   2  |   8  |   16   ||    9    |
|---------------------|------|------|------|--------||---------||---------|
|        Total        |      |      |      |   18   ||  0.774  ||    9    |
|---------------------|------|------|------|--------||---------||---------|



* Summary:
+-----------+--------+--------+--------+
|           |  Delay |   FF   |   LUT  |
+-----------+--------+--------+--------+
|  Function |    3   |   69   |   213  |
|   Memory  |    -   |    -   |    -   |
|Multiplexer|    0   |    -   |    9   |
|  Register |    -   |   72   |    -   |
+-----------+--------+--------+--------+
|   Total   |    3   |   141  |   222  |
+-----------+--------+--------+--------+
